gamelogic.h(385): Warning! W138: No newline at end of file
data.c(18): Warning! W106: Constant out of range - truncated
data.c(18): Note! I2003: source conversion type is 'long'
data.c(18): Note! I2004: target conversion type is 'unsigned int'
data.c(19): Warning! W106: Constant out of range - truncated
data.c(19): Note! I2003: source conversion type is 'long'
data.c(19): Note! I2004: target conversion type is 'unsigned int'
data.c(20): Warning! W106: Constant out of range - truncated
data.c(20): Note! I2003: source conversion type is 'long'
data.c(20): Note! I2004: target conversion type is 'unsigned int'
data.c(21): Warning! W106: Constant out of range - truncated
data.c(21): Note! I2003: source conversion type is 'long'
data.c(21): Note! I2004: target conversion type is 'unsigned int'
data.c(22): Warning! W106: Constant out of range - truncated
data.c(22): Note! I2003: source conversion type is 'long'
data.c(22): Note! I2004: target conversion type is 'unsigned int'
data.c(23): Warning! W106: Constant out of range - truncated
data.c(23): Note! I2003: source conversion type is 'long'
data.c(23): Note! I2004: target conversion type is 'unsigned int'
data.c(24): Warning! W106: Constant out of range - truncated
data.c(24): Note! I2003: source conversion type is 'long'
data.c(24): Note! I2004: target conversion type is 'unsigned int'
data.c(25): Warning! W106: Constant out of range - truncated
data.c(25): Note! I2003: source conversion type is 'long'
data.c(25): Note! I2004: target conversion type is 'unsigned int'
data.c(26): Warning! W106: Constant out of range - truncated
data.c(26): Note! I2003: source conversion type is 'long'
data.c(26): Note! I2004: target conversion type is 'unsigned int'
data.c(27): Warning! W106: Constant out of range - truncated
data.c(27): Note! I2003: source conversion type is 'long'
data.c(27): Note! I2004: target conversion type is 'unsigned int'
data.c(28): Warning! W106: Constant out of range - truncated
data.c(28): Note! I2003: source conversion type is 'long'
data.c(28): Note! I2004: target conversion type is 'unsigned int'
data.c(29): Warning! W106: Constant out of range - truncated
data.c(29): Note! I2003: source conversion type is 'long'
data.c(29): Note! I2004: target conversion type is 'unsigned int'
data.c(30): Warning! W106: Constant out of range - truncated
data.c(30): Note! I2003: source conversion type is 'long'
data.c(30): Note! I2004: target conversion type is 'unsigned int'
data.c(31): Warning! W106: Constant out of range - truncated
data.c(31): Note! I2003: source conversion type is 'long'
data.c(31): Note! I2004: target conversion type is 'unsigned int'
data.c(850): Warning! W131: No prototype found for function 'DisplayText'
data.c(869): Warning! W202: Symbol 'pnt' has been defined, but not referenced
data.c(1043): Warning! W131: No prototype found for function 'SetTextLine'
data.c(1237): Warning! W138: No newline at end of file
data.c(850): Warning! W308: The function 'DisplayText' without prototyped parameters called
data.c(850): Note! I2002: 'DisplayText' defined in: data.c(850)
data.c(1037): Warning! W308: The function 'DisplayText' without prototyped parameters called
data.c(1037): Note! I2002: 'DisplayText' defined in: data.c(850)
data.c(1043): Warning! W308: The function 'SetTextLine' without prototyped parameters called
data.c(1043): Note! I2002: 'SetTextLine' defined in: data.c(1043)
