noname.exe(1): Warning! W132: No storage class or type specified
noname.exe(1): Error! E1009: Expecting ';' but found ''
noname.exe(1): Error! E1061: Expecting data or function declaration, but found ' '
noname.exe(1): Error! E1026: Invalid declarator
noname.exe(1): Error! E1009: Expecting ';' but found ''
noname.exe(1): Error! E1061: Expecting data or function declaration, but found ' '
noname.exe(1): Error! E1026: Invalid declarator
noname.exe(1): Error! E1009: Expecting ';' but found '$'
noname.exe(1): Error! E1061: Expecting data or function declaration, but found ' '
noname.exe(1): Error! E1026: Invalid declarator
noname.exe(1): Error! E1009: Expecting ';' but found ''
noname.exe(1): Error! E1061: Expecting data or function declaration, but found ' '
noname.exe(1): Error! E1026: Invalid declarator
noname.exe(1): Error! E1009: Expecting ';' but found '—'
noname.exe(1): Error! E1061: Expecting data or function declaration, but found ' '
noname.exe(1): Error! E1026: Invalid declarator
noname.exe(1): Error! E1009: Expecting ';' but found ''
noname.exe(1): Error! E1061: Expecting data or function declaration, but found ' '
noname.exe(1): Error! E1009: Expecting ')' but found ''
noname.exe(1): Error! E1026: Invalid declarator
noname.exe(1): Error! E1147: Too many errors: compilation aborted
